<?xml version="1.0" encoding="UTF-8"?>
<!-- Generated by org.testng.reporters.JUnitXMLReporter -->
<testsuite ignored="2" hostname="PC-C02X50H9JGH8" failures="0" tests="1" name="Default test" time="7.603" errors="0" timestamp="2022-03-22T19:05:05 AEDT">
  <testcase classname="testcases.LoginTest" name="LoginSuccessTest_ExcelData" time="0.494"/>
  <testcase classname="testcases.LoginTest" name="LoginFailureTest" time="0.0">
    <ignored/>
  </testcase> <!-- LoginFailureTest -->
  <testcase classname="testcases.LoginTest" name="LoginSuccessTest" time="0.0">
    <ignored/>
  </testcase> <!-- LoginSuccessTest -->
</testsuite> <!-- Default test -->
