<?xml version="1.0" encoding="UTF-8"?>
<!-- Generated by org.testng.reporters.JUnitXMLReporter -->
<testsuite ignored="0" hostname="PC-C02X50H9JGH8" failures="0" tests="3" name="Test" time="13.559" errors="0" timestamp="2022-03-22T19:13:33 AEDT">
  <testcase classname="testcases.LoginTest" name="LoginFailureTest" time="0.512"/>
  <testcase classname="testcases.LoginTest" name="LoginSuccessTest" time="0.261"/>
  <testcase classname="testcases.LoginTest" name="LoginSuccessTest_ExcelData" time="0.256"/>
</testsuite> <!-- Test -->
