<?xml version="1.0" encoding="UTF-8"?>
<!-- Generated by org.testng.reporters.JUnitXMLReporter -->
<testsuite hostname="PC-C02X50H9JGH8" ignored="0" name="Test" tests="3" failures="0" timestamp="2022-03-23T21:06:16 AEDT" time="14.965" errors="0">
  <testcase name="LoginFailureTest" time="0.451" classname="testcases.LoginTest"/>
  <testcase name="LoginSuccessTest" time="0.257" classname="testcases.LoginTest"/>
  <testcase name="LoginSuccessTest_ExcelData" time="0.217" classname="testcases.LoginTest"/>
</testsuite> <!-- Test -->
