<?xml version="1.0" encoding="UTF-8"?>
<testng-results ignored="0" total="3" passed="3" failed="0" skipped="0">
  <reporter-output>
  </reporter-output>
  <suite started-at="2022-03-22T19:13:19 AEDT" name="Suite" finished-at="2022-03-22T19:13:33 AEDT" duration-ms="13559">
    <groups>
    </groups>
    <test started-at="2022-03-22T19:13:19 AEDT" name="Test" finished-at="2022-03-22T19:13:33 AEDT" duration-ms="13559">
      <class name="testcases.LoginTest">
        <test-method is-config="true" signature="DataSetUP()[pri:0, instance:testcases.LoginTest@1af2d44a]" started-at="2022-03-22T19:13:19 AEDT" name="DataSetUP" finished-at="2022-03-22T19:13:21 AEDT" duration-ms="1590" status="PASS">
          <reporter-output>
          </reporter-output>
        </test-method> <!-- DataSetUP -->
        <test-method is-config="true" signature="SetUp(java.lang.reflect.Method)[pri:0, instance:testcases.LoginTest@1af2d44a]" started-at="2022-03-22T19:13:21 AEDT" name="SetUp" finished-at="2022-03-22T19:13:25 AEDT" duration-ms="4166" status="PASS">
          <params>
            <param index="0">
              <value>
                <![CDATA[public void testcases.LoginTest.LoginFailureTest()]]>
              </value>
            </param>
          </params>
          <reporter-output>
          </reporter-output>
        </test-method> <!-- SetUp -->
        <test-method signature="LoginFailureTest()[pri:0, instance:testcases.LoginTest@1af2d44a]" started-at="2022-03-22T19:13:25 AEDT" name="LoginFailureTest" finished-at="2022-03-22T19:13:25 AEDT" duration-ms="512" status="PASS">
          <reporter-output>
          </reporter-output>
        </test-method> <!-- LoginFailureTest -->
        <test-method is-config="true" signature="TearDown()[pri:0, instance:testcases.LoginTest@1af2d44a]" started-at="2022-03-22T19:13:25 AEDT" name="TearDown" finished-at="2022-03-22T19:13:26 AEDT" duration-ms="127" status="PASS">
          <reporter-output>
          </reporter-output>
        </test-method> <!-- TearDown -->
        <test-method is-config="true" signature="SetUp(java.lang.reflect.Method)[pri:0, instance:testcases.LoginTest@1af2d44a]" started-at="2022-03-22T19:13:26 AEDT" name="SetUp" finished-at="2022-03-22T19:13:28 AEDT" duration-ms="2779" status="PASS">
          <params>
            <param index="0">
              <value>
                <![CDATA[public void testcases.LoginTest.LoginSuccessTest(java.lang.String,java.lang.String)]]>
              </value>
            </param>
          </params>
          <reporter-output>
          </reporter-output>
        </test-method> <!-- SetUp -->
        <test-method signature="LoginSuccessTest(java.lang.String,java.lang.String)[pri:0, instance:testcases.LoginTest@1af2d44a]" started-at="2022-03-22T19:13:28 AEDT" name="LoginSuccessTest" finished-at="2022-03-22T19:13:29 AEDT" duration-ms="261" status="PASS">
          <params>
            <param index="0">
              <value>
                <![CDATA[standard_user]]>
              </value>
            </param>
            <param index="1">
              <value>
                <![CDATA[secret_sauce]]>
              </value>
            </param>
          </params>
          <reporter-output>
          </reporter-output>
        </test-method> <!-- LoginSuccessTest -->
        <test-method is-config="true" signature="TearDown()[pri:0, instance:testcases.LoginTest@1af2d44a]" started-at="2022-03-22T19:13:29 AEDT" name="TearDown" finished-at="2022-03-22T19:13:29 AEDT" duration-ms="167" status="PASS">
          <reporter-output>
          </reporter-output>
        </test-method> <!-- TearDown -->
        <test-method is-config="true" signature="SetUp(java.lang.reflect.Method)[pri:0, instance:testcases.LoginTest@1af2d44a]" started-at="2022-03-22T19:13:29 AEDT" name="SetUp" finished-at="2022-03-22T19:13:32 AEDT" duration-ms="3132" status="PASS">
          <params>
            <param index="0">
              <value>
                <![CDATA[public void testcases.LoginTest.LoginSuccessTest_ExcelData()]]>
              </value>
            </param>
          </params>
          <reporter-output>
          </reporter-output>
        </test-method> <!-- SetUp -->
        <test-method signature="LoginSuccessTest_ExcelData()[pri:0, instance:testcases.LoginTest@1af2d44a]" started-at="2022-03-22T19:13:32 AEDT" name="LoginSuccessTest_ExcelData" finished-at="2022-03-22T19:13:32 AEDT" duration-ms="256" status="PASS">
          <reporter-output>
          </reporter-output>
        </test-method> <!-- LoginSuccessTest_ExcelData -->
        <test-method is-config="true" signature="TearDown()[pri:0, instance:testcases.LoginTest@1af2d44a]" started-at="2022-03-22T19:13:32 AEDT" name="TearDown" finished-at="2022-03-22T19:13:32 AEDT" duration-ms="149" status="PASS">
          <reporter-output>
          </reporter-output>
        </test-method> <!-- TearDown -->
        <test-method is-config="true" signature="DataTearDown()[pri:0, instance:testcases.LoginTest@1af2d44a]" started-at="2022-03-22T19:13:32 AEDT" name="DataTearDown" finished-at="2022-03-22T19:13:33 AEDT" duration-ms="340" status="PASS">
          <reporter-output>
          </reporter-output>
        </test-method> <!-- DataTearDown -->
      </class> <!-- testcases.LoginTest -->
    </test> <!-- Test -->
  </suite> <!-- Suite -->
</testng-results>
